<?xml version="1.0" encoding="UTF-8"?>
<testsuite xmlns:xsi="http://www.w3.org/2001/XMLSchema-instance" xsi:noNamespaceSchemaLocation="https://maven.apache.org/surefire/maven-surefire-plugin/xsd/surefire-test-report-3.0.xsd" version="3.0" name="com.devPontes.WebService.unittests.mockito.services.PersonServicesTest" time="1.059" tests="7" errors="0" skipped="0" failures="0">
  <properties>
[...]
</properties>
  <testcase name="testFindAll" classname="com.devPontes.WebService.unittests.mockito.services.PersonServicesTest" time="0.758"/>
  <testcase name="testUpdateWithNullPerson" classname="com.devPontes.WebService.unittests.mockito.services.PersonServicesTest" time="0.022">
    <system-out><![CDATA[Its is not allowed to persist a null object
]]></system-out>
  </testcase>
  <testcase name="testUpdateCreateNullPerson" classname="com.devPontes.WebService.unittests.mockito.services.PersonServicesTest" time="0.025"/>
  <testcase name="testFindById" classname="com.devPontes.WebService.unittests.mockito.services.PersonServicesTest" time="0.111"/>
  <testcase name="testCreate" classname="com.devPontes.WebService.unittests.mockito.services.PersonServicesTest" time="0.05"/>
  <testcase name="testDelete" classname="com.devPontes.WebService.unittests.mockito.services.PersonServicesTest" time="0.023"/>
  <testcase name="testUpdate" classname="com.devPontes.WebService.unittests.mockito.services.PersonServicesTest" time="0.025"/>
</testsuite>